<?xml version="1.0" encoding="UTF-8"?>
<!-- Generated by org.testng.reporters.JUnitReportReporter -->
<testsuite hostname="KCSLAP5103" failures="0" tests="1" name="org.uvportal.tests.TestACCESSTOKEN" time="3.475" errors="0" timestamp="2022-07-21T15:39:12 IST" skipped="0">
  <testcase classname="org.uvportal.tests.TestACCESSTOKEN" name="testGETAccessToken" time="3.475"/>
  <system-out/>
</testsuite> <!-- org.uvportal.tests.TestACCESSTOKEN -->
