<?xml version="1.0" encoding="UTF-8"?>
<!-- Generated by org.testng.reporters.JUnitReportReporter -->
<testsuite hostname="KCSLAP5103" failures="0" tests="1" name="org.uvportal.tests.TestGETProfile" time="5.626" errors="0" timestamp="2022-08-01T12:26:51 IST" skipped="0">
  <testcase classname="org.uvportal.tests.TestGETProfile" name="testGETProfileRequest" time="5.626"/>
  <system-out/>
</testsuite> <!-- org.uvportal.tests.TestGETProfile -->
