<?xml version="1.0" encoding="UTF-8"?>
<!-- Generated by org.testng.reporters.JUnitReportReporter -->
<testsuite hostname="KCSLAP5103" failures="0" tests="1" name="org.uvportal.tests.TestVehicleServices" time="6.440" errors="0" timestamp="2022-07-21T16:53:17 IST" skipped="0">
  <testcase classname="org.uvportal.tests.TestVehicleServices" name="testVehicleServices" time="6.440"/>
  <system-out/>
</testsuite> <!-- org.uvportal.tests.TestVehicleServices -->
